Using pre-set license
Built from '2021.1/staging' branch; Version is '2021.1.23f1 (b50729e604a9) revision 11863849'; Using compiler version '192528614'; Build Type 'Release'
OS: 'Windows 10 Pro; OS build 19043.1706; Version 2009; 64bit' Language: 'tr' Physical Memory: 16188 MB
BatchMode: 1, IsHumanControllingUs: 0, StartBugReporterOnCrash: 0, Is64bit: 1, IsPro: 0

COMMAND LINE ARGUMENTS:
C:\Program Files\Unity\Hub\Editor\2021.1.23f1\Editor\Unity.exe
-adb2
-batchMode
-noUpm
-name
AssetImportWorker0
-projectPath
D:/Unity Projeler/FlappyBird
-logFile
Logs/AssetImportWorker0.log
-srvPort
55019
Successfully changed project path to: D:/Unity Projeler/FlappyBird
D:/Unity Projeler/FlappyBird
Using Asset Import Pipeline V2.
Refreshing native plugins compatible for Editor in 100.83 ms, found 4 plugins.
Preloading 0 native plugins for Editor in 0.00 ms.
Initialize engine version: 2021.1.23f1 (b50729e604a9)
[Subsystems] Discovering subsystems at path C:/Program Files/Unity/Hub/Editor/2021.1.23f1/Editor/Data/Resources/UnitySubsystems
[Subsystems] Discovering subsystems at path D:/Unity Projeler/FlappyBird/Assets
GfxDevice: creating device client; threaded=0; jobified=0
Direct3D:
    Version:  Direct3D 11.0 [level 11.1]
    Renderer: NVIDIA GeForce GTX 1050 (ID=0x1c91)
    Vendor:   NVIDIA
    VRAM:     2996 MB
    Driver:   27.21.14.5720
Initialize mono
Mono path[0] = 'C:/Program Files/Unity/Hub/Editor/2021.1.23f1/Editor/Data/Managed'
Mono path[1] = 'C:/Program Files/Unity/Hub/Editor/2021.1.23f1/Editor/Data/MonoBleedingEdge/lib/mono/unityjit'
Mono config path = 'C:/Program Files/Unity/Hub/Editor/2021.1.23f1/Editor/Data/MonoBleedingEdge/etc'
Using monoOptions --debugger-agent=transport=dt_socket,embedding=1,server=y,suspend=n,address=127.0.0.1:56900
Begin MonoManager ReloadAssembly
Registering precompiled unity dll's ...
Register platform support module: C:/Program Files/Unity/Hub/Editor/2021.1.23f1/Editor/Data/PlaybackEngines/WindowsStandaloneSupport/UnityEditor.WindowsStandalone.Extensions.dll
Registered in 0.002079 seconds.
Native extension for WindowsStandalone target not found
Refreshing native plugins compatible for Editor in 97.90 ms, found 4 plugins.
Preloading 0 native plugins for Editor in 0.00 ms.
Mono: successfully reloaded assembly
- Completed reload, in  1.658 seconds
Domain Reload Profiling:
	ReloadAssembly (1659ms)
		BeginReloadAssembly (61ms)
			ExecutionOrderSort (0ms)
			DisableScriptedObjects (0ms)
			BackupInstance (0ms)
			ReleaseScriptingObjects (0ms)
			CreateAndSetChildDomain (1ms)
		EndReloadAssembly (468ms)
			LoadAssemblies (59ms)
			RebuildTransferFunctionScriptingTraits (0ms)
			SetupTypeCache (168ms)
			ReleaseScriptCaches (0ms)
			RebuildScriptCaches (31ms)
			SetupLoadedEditorAssemblies (224ms)
				LogAssemblyErrors (0ms)
				InitializePlatformSupportModulesInManaged (6ms)
				SetLoadedEditorAssemblies (0ms)
				RefreshPlugins (98ms)
				BeforeProcessingInitializeOnLoad (1ms)
				ProcessInitializeOnLoadAttributes (91ms)
				ProcessInitializeOnLoadMethodAttributes (28ms)
				AfterProcessingInitializeOnLoad (0ms)
				EditorAssembliesLoaded (0ms)
			ExecutionOrderSort2 (0ms)
			AwakeInstancesAfterBackupRestoration (0ms)
Platform modules already initialized, skipping
Registering precompiled user dll's ...
Registered in 0.003417 seconds.
Begin MonoManager ReloadAssembly
Symbol file LoadedFromMemory doesn't match image D:\Unity Projeler\FlappyBird\Library\PackageCache\com.unity.visualscripting@1.6.1\Editor\VisualScripting.Core\Dependencies\YamlDotNet\Unity.VisualScripting.YamlDotNet.dll
Symbol file LoadedFromMemory doesn't match image D:\Unity Projeler\FlappyBird\Library\PackageCache\com.unity.visualscripting@1.6.1\Editor\VisualScripting.Core\Dependencies\DotNetZip\Unity.VisualScripting.IonicZip.dll
Native extension for WindowsStandalone target not found
Refreshing native plugins compatible for Editor in 96.15 ms, found 4 plugins.
Preloading 0 native plugins for Editor in 0.00 ms.
Mono: successfully reloaded assembly
- Completed reload, in  1.228 seconds
Domain Reload Profiling:
	ReloadAssembly (1228ms)
		BeginReloadAssembly (188ms)
			ExecutionOrderSort (0ms)
			DisableScriptedObjects (4ms)
			BackupInstance (0ms)
			ReleaseScriptingObjects (0ms)
			CreateAndSetChildDomain (27ms)
		EndReloadAssembly (987ms)
			LoadAssemblies (102ms)
			RebuildTransferFunctionScriptingTraits (0ms)
			SetupTypeCache (348ms)
			ReleaseScriptCaches (1ms)
			RebuildScriptCaches (50ms)
			SetupLoadedEditorAssemblies (413ms)
				LogAssemblyErrors (0ms)
				InitializePlatformSupportModulesInManaged (4ms)
				SetLoadedEditorAssemblies (0ms)
				RefreshPlugins (96ms)
				BeforeProcessingInitializeOnLoad (79ms)
				ProcessInitializeOnLoadAttributes (212ms)
				ProcessInitializeOnLoadMethodAttributes (16ms)
				AfterProcessingInitializeOnLoad (6ms)
				EditorAssembliesLoaded (0ms)
			ExecutionOrderSort2 (0ms)
			AwakeInstancesAfterBackupRestoration (6ms)
Platform modules already initialized, skipping
========================================================================
Worker process is ready to serve import requests
Launched and connected shader compiler UnityShaderCompiler.exe after 0.08 seconds
Refreshing native plugins compatible for Editor in 0.69 ms, found 4 plugins.
Preloading 0 native plugins for Editor in 0.00 ms.
Unloading 3686 Unused Serialized files (Serialized files now loaded: 0)
System memory in use before: 136.5 MB.
System memory in use after: 136.7 MB.

Unloading 30 unused Assets to reduce memory usage. Loaded Objects now: 4135.
Total: 3.512100 ms (FindLiveObjects: 0.243500 ms CreateObjectMapping: 0.125500 ms MarkObjects: 3.085600 ms  DeleteObjects: 0.056800 ms)

AssetImportParameters requested are different than current active one (requested -> active):
  custom:framework-win-MediaFoundation: 216162199b28c13a410421893ffa2e32 -> 
  custom:video-decoder-ogg-theora: a1e56fd34408186e4bbccfd4996cb3dc -> 
  custom:container-muxer-webm: aa71ff27fc2769a1b78a27578f13a17b -> 
  custom:container-demuxer-webm: 4f35f7cbe854078d1ac9338744f61a02 -> 
  custom:container-demuxer-ogg: 62fdf1f143b41e24485cea50d1cbac27 -> 
  custom:video-encoder-webm-vp8: eb34c28f22e8b96e1ab97ce403110664 -> 
  custom:video-decoder-webm-vp8: 9c59270c3fd7afecdb556c50c9e8de78 -> 
  custom:audio-decoder-ogg-vorbis: bf7c407c2cedff20999df2af8eb42d56 -> 
  custom:audio-encoder-webm-vorbis: bf7c407c2cedff20999df2af8eb42d56 -> 
========================================================================
Received Import Request.
  path: Assets/jetkara
  artifactKey: Guid(36f4e51b7cdac4f4b84339031933be2e) Importer(815301076,1909f56bfc062723c751e8b465ee728b)
Start importing Assets/jetkara using Guid(36f4e51b7cdac4f4b84339031933be2e) Importer(815301076,1909f56bfc062723c751e8b465ee728b)  -> (artifact id: '8e5a595524ee0c3d9e5d44bc4778d229') in 0.007539 seconds 
========================================================================
Received Import Request.
  Time since last request: 0.000277 seconds.
  path: Assets/jetkara/Icon.png
  artifactKey: Guid(51a4ecd5c03ea7549bfba653c88a4016) Importer(815301076,1909f56bfc062723c751e8b465ee728b)
Start importing Assets/jetkara/Icon.png using Guid(51a4ecd5c03ea7549bfba653c88a4016) Importer(815301076,1909f56bfc062723c751e8b465ee728b)  -> (artifact id: '27a39d85bb15aeb81bc84a45db1918ed') in 0.130437 seconds 
========================================================================
Received Import Request.
  Time since last request: 3.100737 seconds.
  path: Assets/jetkara/JetKara-Manual.pdf
  artifactKey: Guid(0b7b471344774264198be7220af0027b) Importer(815301076,1909f56bfc062723c751e8b465ee728b)
Start importing Assets/jetkara/JetKara-Manual.pdf using Guid(0b7b471344774264198be7220af0027b) Importer(815301076,1909f56bfc062723c751e8b465ee728b)  -> (artifact id: 'b04a725e2a5b3795308fbcd414198767') in 0.011599 seconds 
========================================================================
Received Import Request.
  Time since last request: 9.762657 seconds.
  path: Assets/jetkara/Sprites
  artifactKey: Guid(e5f0cab3e83c13c4d8c123475df625c3) Importer(815301076,1909f56bfc062723c751e8b465ee728b)
Start importing Assets/jetkara/Sprites using Guid(e5f0cab3e83c13c4d8c123475df625c3) Importer(815301076,1909f56bfc062723c751e8b465ee728b)  -> (artifact id: '00fb564295bd42bd6dfbb0a9ae5383fe') in 0.005405 seconds 
========================================================================
Received Import Request.
  Time since last request: 0.545153 seconds.
  path: Assets/jetkara/Sounds
  artifactKey: Guid(2e131e3013870a840a89f4881f59970c) Importer(815301076,1909f56bfc062723c751e8b465ee728b)
Start importing Assets/jetkara/Sounds using Guid(2e131e3013870a840a89f4881f59970c) Importer(815301076,1909f56bfc062723c751e8b465ee728b)  -> (artifact id: '9d8ba2ca3c4de511d99a0808632eef0a') in 0.005683 seconds 
========================================================================
Received Import Request.
  Time since last request: 0.425722 seconds.
  path: Assets/jetkara/Scripts
  artifactKey: Guid(23f35494674154243b030256486240ca) Importer(815301076,1909f56bfc062723c751e8b465ee728b)
Start importing Assets/jetkara/Scripts using Guid(23f35494674154243b030256486240ca) Importer(815301076,1909f56bfc062723c751e8b465ee728b)  -> (artifact id: 'c5d5eed943d6193c2e9b775674de51e1') in 0.009968 seconds 
========================================================================
Received Import Request.
  Time since last request: 0.379147 seconds.
  path: Assets/jetkara/Scenes
  artifactKey: Guid(6d5fb8bbd44e96248b409b5182a131c6) Importer(815301076,1909f56bfc062723c751e8b465ee728b)
Start importing Assets/jetkara/Scenes using Guid(6d5fb8bbd44e96248b409b5182a131c6) Importer(815301076,1909f56bfc062723c751e8b465ee728b)  -> (artifact id: 'afa617ed28fdedd1d49899b4bd9147c4') in 0.006227 seconds 
========================================================================
Received Import Request.
  Time since last request: 0.319116 seconds.
  path: Assets/jetkara/Prefabs
  artifactKey: Guid(dba190982bdb5b24d9472e848f9233c9) Importer(815301076,1909f56bfc062723c751e8b465ee728b)
Start importing Assets/jetkara/Prefabs using Guid(dba190982bdb5b24d9472e848f9233c9) Importer(815301076,1909f56bfc062723c751e8b465ee728b)  -> (artifact id: '28f7a127b28f388a14a64d69f20b1b0c') in 0.008448 seconds 
========================================================================
Received Import Request.
  Time since last request: 0.335793 seconds.
  path: Assets/jetkara/Fonts
  artifactKey: Guid(da53346dafe8b5b4faf37d1b18d0d09d) Importer(815301076,1909f56bfc062723c751e8b465ee728b)
Start importing Assets/jetkara/Fonts using Guid(da53346dafe8b5b4faf37d1b18d0d09d) Importer(815301076,1909f56bfc062723c751e8b465ee728b)  -> (artifact id: '6ab007d3f7c02c07b118e620218aba82') in 0.005585 seconds 
========================================================================
Received Import Request.
  Time since last request: 0.403214 seconds.
  path: Assets/jetkara/Animations
  artifactKey: Guid(2bcfd2977471d9f4a85f58bd85d71ea6) Importer(815301076,1909f56bfc062723c751e8b465ee728b)
Start importing Assets/jetkara/Animations using Guid(2bcfd2977471d9f4a85f58bd85d71ea6) Importer(815301076,1909f56bfc062723c751e8b465ee728b)  -> (artifact id: 'd14b8060fc346a538ed76f7663bc7cd6') in 0.008011 seconds 
========================================================================
Received Import Request.
  Time since last request: 95.716951 seconds.
  path: Assets/jetkara/Prefabs/Object.prefab
  artifactKey: Guid(676929dfdb252a947a8c35ac508610b5) Importer(815301076,1909f56bfc062723c751e8b465ee728b)
Start importing Assets/jetkara/Prefabs/Object.prefab using Guid(676929dfdb252a947a8c35ac508610b5) Importer(815301076,1909f56bfc062723c751e8b465ee728b)  -> (artifact id: 'f2e92222c0e804facfcc1f5052f18d04') in 0.054044 seconds 
========================================================================
Received Import Request.
  Time since last request: 66.358888 seconds.
  path: Assets/jetkara/Scripts/GameManager.cs
  artifactKey: Guid(5b3877d22858afe4fad7c4edac4ada8a) Importer(815301076,1909f56bfc062723c751e8b465ee728b)
Start importing Assets/jetkara/Scripts/GameManager.cs using Guid(5b3877d22858afe4fad7c4edac4ada8a) Importer(815301076,1909f56bfc062723c751e8b465ee728b)  -> (artifact id: '15758fb9293b519dad68ceef67796569') in 0.038135 seconds 
========================================================================
Received Import Request.
  Time since last request: 43.243643 seconds.
  path: Assets/jetkara/Fonts/TektonPro-Bold.otf
  artifactKey: Guid(734eecab57391a74ea8985fcd8e03990) Importer(815301076,1909f56bfc062723c751e8b465ee728b)
Start importing Assets/jetkara/Fonts/TektonPro-Bold.otf using Guid(734eecab57391a74ea8985fcd8e03990) Importer(815301076,1909f56bfc062723c751e8b465ee728b)  -> (artifact id: '267baacc46b4ad010b92fd5b758ea38b') in 0.035578 seconds 
========================================================================
Received Import Request.
  Time since last request: 3.961945 seconds.
  path: Assets/jetkara/Scenes/Game.unity
  artifactKey: Guid(53faa398fb0bcd744a05b651112b8673) Importer(815301076,1909f56bfc062723c751e8b465ee728b)
Start importing Assets/jetkara/Scenes/Game.unity using Guid(53faa398fb0bcd744a05b651112b8673) Importer(815301076,1909f56bfc062723c751e8b465ee728b)  -> (artifact id: 'd5547d6135d702d6887f10873f0915e3') in 0.005842 seconds 
========================================================================
Received Import Request.
  Time since last request: 4.863271 seconds.
  path: Assets/jetkara/Scenes/MainMenu.unity
  artifactKey: Guid(5d48c7aadfab6024198fbb9615f518ca) Importer(815301076,1909f56bfc062723c751e8b465ee728b)
Start importing Assets/jetkara/Scenes/MainMenu.unity using Guid(5d48c7aadfab6024198fbb9615f518ca) Importer(815301076,1909f56bfc062723c751e8b465ee728b)  -> (artifact id: 'c174fe04df3a3c39d59edadbda4e6eed') in 0.005846 seconds 
========================================================================
Received Prepare
Registering precompiled user dll's ...
Registered in 0.003116 seconds.
Begin MonoManager ReloadAssembly
Symbol file LoadedFromMemory doesn't match image D:\Unity Projeler\FlappyBird\Library\PackageCache\com.unity.visualscripting@1.6.1\Editor\VisualScripting.Core\Dependencies\YamlDotNet\Unity.VisualScripting.YamlDotNet.dll
Symbol file LoadedFromMemory doesn't match image D:\Unity Projeler\FlappyBird\Library\PackageCache\com.unity.visualscripting@1.6.1\Editor\VisualScripting.Core\Dependencies\DotNetZip\Unity.VisualScripting.IonicZip.dll
Native extension for WindowsStandalone target not found
Refreshing native plugins compatible for Editor in 0.64 ms, found 4 plugins.
Preloading 0 native plugins for Editor in 0.00 ms.
Mono: successfully reloaded assembly
- Completed reload, in  1.007 seconds
Domain Reload Profiling:
	ReloadAssembly (1007ms)
		BeginReloadAssembly (118ms)
			ExecutionOrderSort (0ms)
			DisableScriptedObjects (5ms)
			BackupInstance (0ms)
			ReleaseScriptingObjects (0ms)
			CreateAndSetChildDomain (37ms)
		EndReloadAssembly (834ms)
			LoadAssemblies (87ms)
			RebuildTransferFunctionScriptingTraits (0ms)
			SetupTypeCache (326ms)
			ReleaseScriptCaches (1ms)
			RebuildScriptCaches (40ms)
			SetupLoadedEditorAssemblies (272ms)
				LogAssemblyErrors (0ms)
				InitializePlatformSupportModulesInManaged (4ms)
				SetLoadedEditorAssemblies (0ms)
				RefreshPlugins (1ms)
				BeforeProcessingInitializeOnLoad (58ms)
				ProcessInitializeOnLoadAttributes (195ms)
				ProcessInitializeOnLoadMethodAttributes (8ms)
				AfterProcessingInitializeOnLoad (6ms)
				EditorAssembliesLoaded (0ms)
			ExecutionOrderSort2 (0ms)
			AwakeInstancesAfterBackupRestoration (13ms)
Platform modules already initialized, skipping
Switching build target platform(19) subTarget(0) extendedPlatform(0) -> platform(13) subTarget(589824) extendedPlatform(0)
Refreshing native plugins compatible for Editor in 0.67 ms, found 4 plugins.
Preloading 0 native plugins for Editor in 0.00 ms.
Unloading 3681 Unused Serialized files (Serialized files now loaded: 0)
System memory in use before: 142.1 MB.
System memory in use after: 142.4 MB.

Unloading 18 unused Assets to reduce memory usage. Loaded Objects now: 4214.
Total: 3.467800 ms (FindLiveObjects: 0.255800 ms CreateObjectMapping: 0.133300 ms MarkObjects: 3.058800 ms  DeleteObjects: 0.019000 ms)

AssetImportParameters requested are different than current active one (requested -> active):
  custom:framework-win-MediaFoundation: 216162199b28c13a410421893ffa2e32 -> 
  custom:video-decoder-ogg-theora: a1e56fd34408186e4bbccfd4996cb3dc -> 
  custom:container-muxer-webm: aa71ff27fc2769a1b78a27578f13a17b -> 
  custom:container-demuxer-webm: 4f35f7cbe854078d1ac9338744f61a02 -> 
  custom:container-demuxer-ogg: 62fdf1f143b41e24485cea50d1cbac27 -> 
  custom:video-encoder-webm-vp8: eb34c28f22e8b96e1ab97ce403110664 -> 
  custom:video-decoder-webm-vp8: 9c59270c3fd7afecdb556c50c9e8de78 -> 
  custom:graphics/normal-map-encoding: 01000000000000000000000000000000 -> 02000000000000000000000000000000
  custom:audio-decoder-ogg-vorbis: bf7c407c2cedff20999df2af8eb42d56 -> 
  custom:audio-encoder-webm-vorbis: bf7c407c2cedff20999df2af8eb42d56 -> 
========================================================================
Received Import Request.
  Time since last request: 1088.394951 seconds.
  path: Assets/jetkara/Sprites/kara.png
  artifactKey: Guid(a7a2d396e5642b4459376de61d1c4539) Importer(815301076,1909f56bfc062723c751e8b465ee728b)
Start importing Assets/jetkara/Sprites/kara.png using Guid(a7a2d396e5642b4459376de61d1c4539) Importer(815301076,1909f56bfc062723c751e8b465ee728b)  -> (artifact id: '0863d73b28151e235a50ac35f4c94085') in 0.055326 seconds 
========================================================================
Received Import Request.
  Time since last request: 0.000238 seconds.
  path: Assets/jetkara/Sprites/rocket0.png
  artifactKey: Guid(37d4e6f3c28c5e647a4e57eb6c0a2aa1) Importer(815301076,1909f56bfc062723c751e8b465ee728b)
Start importing Assets/jetkara/Sprites/rocket0.png using Guid(37d4e6f3c28c5e647a4e57eb6c0a2aa1) Importer(815301076,1909f56bfc062723c751e8b465ee728b)  -> (artifact id: '8b84db80a76624c2c1dfd0dcb5345a05') in 0.251073 seconds 
========================================================================
Received Import Request.
  Time since last request: 0.000294 seconds.
  path: Assets/jetkara/Sprites/rocket1.png
  artifactKey: Guid(242d6d50e4b8fe547b5b1af5ddd9dacb) Importer(815301076,1909f56bfc062723c751e8b465ee728b)
Start importing Assets/jetkara/Sprites/rocket1.png using Guid(242d6d50e4b8fe547b5b1af5ddd9dacb) Importer(815301076,1909f56bfc062723c751e8b465ee728b)  -> (artifact id: '3f76f5608a68e1b16ec60de67be813e5') in 0.016450 seconds 
========================================================================
Received Import Request.
  Time since last request: 2.121216 seconds.
  path: Assets/jetkara/Sprites/InGame
  artifactKey: Guid(0a656c55da6a60f46b0750b788e323e0) Importer(815301076,1909f56bfc062723c751e8b465ee728b)
Start importing Assets/jetkara/Sprites/InGame using Guid(0a656c55da6a60f46b0750b788e323e0) Importer(815301076,1909f56bfc062723c751e8b465ee728b)  -> (artifact id: 'ae837e06248eb753ebaedb249eb01fc4') in 0.005567 seconds 
========================================================================
Received Import Request.
  Time since last request: 0.021298 seconds.
  path: Assets/jetkara/Sprites/InGame/01.png
  artifactKey: Guid(b9afd07611b7a434ead02d3dae840627) Importer(815301076,1909f56bfc062723c751e8b465ee728b)
Start importing Assets/jetkara/Sprites/InGame/01.png using Guid(b9afd07611b7a434ead02d3dae840627) Importer(815301076,1909f56bfc062723c751e8b465ee728b)  -> (artifact id: 'd2ed2bcd8321b30ca9706834db400567') in 0.011397 seconds 
========================================================================
Received Import Request.
  Time since last request: 0.000265 seconds.
  path: Assets/jetkara/Sprites/InGame/pause1.png
  artifactKey: Guid(7b736d128f2ed0e4f91a05e11ad47f4b) Importer(815301076,1909f56bfc062723c751e8b465ee728b)
Start importing Assets/jetkara/Sprites/InGame/pause1.png using Guid(7b736d128f2ed0e4f91a05e11ad47f4b) Importer(815301076,1909f56bfc062723c751e8b465ee728b)  -> (artifact id: '34908b00c87d2e4338a7f3fba4f1369f') in 0.017677 seconds 
========================================================================
Received Import Request.
  Time since last request: 0.000381 seconds.
  path: Assets/jetkara/Sprites/InGame/water.png
  artifactKey: Guid(2632b4145593d1546a35cc20b127a90d) Importer(815301076,1909f56bfc062723c751e8b465ee728b)
Start importing Assets/jetkara/Sprites/InGame/water.png using Guid(2632b4145593d1546a35cc20b127a90d) Importer(815301076,1909f56bfc062723c751e8b465ee728b)  -> (artifact id: '4ee540168a82738348ed9a7bd812703b') in 0.029002 seconds 
========================================================================
Received Import Request.
  Time since last request: 0.000322 seconds.
  path: Assets/jetkara/Sprites/InGame/02.png
  artifactKey: Guid(ad581831ee2f28e4f87e9945b415a01b) Importer(815301076,1909f56bfc062723c751e8b465ee728b)
Start importing Assets/jetkara/Sprites/InGame/02.png using Guid(ad581831ee2f28e4f87e9945b415a01b) Importer(815301076,1909f56bfc062723c751e8b465ee728b)  -> (artifact id: '94994618d261cdcfc365bb99dc5a8f77') in 0.008685 seconds 
========================================================================
Received Import Request.
  Time since last request: 0.000270 seconds.
  path: Assets/jetkara/Sprites/InGame/back.png
  artifactKey: Guid(470e91cc5571e86449a86c5d207b37ad) Importer(815301076,1909f56bfc062723c751e8b465ee728b)
Start importing Assets/jetkara/Sprites/InGame/back.png using Guid(470e91cc5571e86449a86c5d207b37ad) Importer(815301076,1909f56bfc062723c751e8b465ee728b)  -> (artifact id: '3a448fac6fd4e0df064dc8233ad333f1') in 0.009604 seconds 
========================================================================
Received Import Request.
  Time since last request: 7.173817 seconds.
  path: Assets/jetkara/Sounds/GameMusic.ogg
  artifactKey: Guid(a22449cd2677813419c78d32b674eae9) Importer(815301076,1909f56bfc062723c751e8b465ee728b)
Start importing Assets/jetkara/Sounds/GameMusic.ogg using Guid(a22449cd2677813419c78d32b674eae9) Importer(815301076,1909f56bfc062723c751e8b465ee728b)  -> (artifact id: 'f038a8210a51969b8d1cf4f78f004578') in 0.098234 seconds 
========================================================================
Received Import Request.
  Time since last request: 0.000269 seconds.
  path: Assets/jetkara/Sounds/GameOver.ogg
  artifactKey: Guid(d6b91fceceb0b4e40aec957d617eff95) Importer(815301076,1909f56bfc062723c751e8b465ee728b)
Start importing Assets/jetkara/Sounds/GameOver.ogg using Guid(d6b91fceceb0b4e40aec957d617eff95) Importer(815301076,1909f56bfc062723c751e8b465ee728b)  -> (artifact id: 'b26bbd124f589df50b24ed3a9cb41328') in 0.016671 seconds 
========================================================================
Received Import Request.
  Time since last request: 0.000252 seconds.
  path: Assets/jetkara/Sounds/Jump.ogg
  artifactKey: Guid(81582c8544172d14284183d5a7d52c0e) Importer(815301076,1909f56bfc062723c751e8b465ee728b)
Start importing Assets/jetkara/Sounds/Jump.ogg using Guid(81582c8544172d14284183d5a7d52c0e) Importer(815301076,1909f56bfc062723c751e8b465ee728b)  -> (artifact id: '1ca4d0bd141e5800f0301066a875cd22') in 0.010751 seconds 
========================================================================
Received Prepare
Refreshing native plugins compatible for Editor in 3.60 ms, found 4 plugins.
Preloading 0 native plugins for Editor in 0.00 ms.
Unloading 16 Unused Serialized files (Serialized files now loaded: 0)
System memory in use before: 70.1 MB.
System memory in use after: 70.4 MB.

Unloading 16 unused Assets to reduce memory usage. Loaded Objects now: 4237.
Total: 4.188700 ms (FindLiveObjects: 0.260100 ms CreateObjectMapping: 0.158400 ms MarkObjects: 3.753300 ms  DeleteObjects: 0.016100 ms)

AssetImportParameters requested are different than current active one (requested -> active):
  custom:framework-win-MediaFoundation: 216162199b28c13a410421893ffa2e32 -> 
  custom:video-decoder-ogg-theora: a1e56fd34408186e4bbccfd4996cb3dc -> 
  custom:container-muxer-webm: aa71ff27fc2769a1b78a27578f13a17b -> 
  custom:container-demuxer-webm: 4f35f7cbe854078d1ac9338744f61a02 -> 
  custom:container-demuxer-ogg: 62fdf1f143b41e24485cea50d1cbac27 -> 
  custom:video-encoder-webm-vp8: eb34c28f22e8b96e1ab97ce403110664 -> 
  custom:video-decoder-webm-vp8: 9c59270c3fd7afecdb556c50c9e8de78 -> 
  custom:audio-decoder-ogg-vorbis: bf7c407c2cedff20999df2af8eb42d56 -> 
  custom:audio-encoder-webm-vorbis: bf7c407c2cedff20999df2af8eb42d56 -> 
AssetImportWorkerClient::OnTransportError - code=2 error=End of file
